countrypicker/build/intermediates/manifest_merge_blame_file/debug/manifest-merger-blame-debug-report.txt
1<?xml version="1.0" encoding="utf-8"?>
2<manifest xmlns:android="http://schemas.android.com/apk/res/android"
3    package="com.countrypicker"
4    android:versionCode="1"
5    android:versionName="1.0" >
6
7    <uses-sdk
8        android:minSdkVersion="23"
8-->src/main/AndroidManifest.xml
9        android:targetSdkVersion="30" />
9-->src/main/AndroidManifest.xml
10
11    <application>
11-->src/main/AndroidManifest.xml:5:5-11:19
12        <activity
12-->src/main/AndroidManifest.xml:6:9-10:15
13            android:name="com.countrypicker.CountrySelectActivity"
13-->src/main/AndroidManifest.xml:7:13-50
14            android:screenOrientation="portrait"
14-->src/main/AndroidManifest.xml:9:13-49
15            android:theme="@style/CountryAppTheme" />
15-->src/main/AndroidManifest.xml:8:13-51
16    </application>
17
18</manifest>